<?xml version="1.0" encoding="UTF-8"?>
<testng-results ignored="0" total="2" passed="2" failed="0" skipped="0">
  <reporter-output>
  </reporter-output>
  <suite started-at="2021-06-19T19:50:35 IST" name="Default suite" finished-at="2021-06-19T19:50:45 IST" duration-ms="9463">
    <groups>
    </groups>
    <test started-at="2021-06-19T19:50:35 IST" name="Default test" finished-at="2021-06-19T19:50:45 IST" duration-ms="9463">
      <class name="com.qa.test.LoginTest">
        <test-method is-config="true" signature="setUp()[pri:0, instance:com.qa.test.LoginTest@7193666c]" started-at="2021-06-19T19:49:58 IST" name="setUp" finished-at="2021-06-19T19:50:35 IST" duration-ms="37274" status="PASS">
          <reporter-output>
          </reporter-output>
        </test-method> <!-- setUp -->
        <test-method signature="invalidLogin()[pri:0, instance:com.qa.test.LoginTest@7193666c]" started-at="2021-06-19T19:50:35 IST" name="invalidLogin" finished-at="2021-06-19T19:50:40 IST" duration-ms="5236" status="PASS">
          <reporter-output>
          </reporter-output>
        </test-method> <!-- invalidLogin -->
        <test-method signature="verifyValidLogin()[pri:0, instance:com.qa.test.LoginTest@7193666c]" started-at="2021-06-19T19:50:40 IST" name="verifyValidLogin" finished-at="2021-06-19T19:50:44 IST" duration-ms="4118" status="PASS">
          <reporter-output>
          </reporter-output>
        </test-method> <!-- verifyValidLogin -->
        <test-method is-config="true" signature="tearDown()[pri:0, instance:com.qa.test.LoginTest@7193666c]" started-at="2021-06-19T19:50:45 IST" name="tearDown" finished-at="2021-06-19T19:50:47 IST" duration-ms="2546" status="PASS">
          <reporter-output>
          </reporter-output>
        </test-method> <!-- tearDown -->
      </class> <!-- com.qa.test.LoginTest -->
    </test> <!-- Default test -->
  </suite> <!-- Default suite -->
</testng-results>
